{"/Users/iragenaeric/Documents/free-mentors-frontend/src/components/Loading.js": {"path":"/Users/iragenaeric/Documents/free-mentors-frontend/src/components/Loading.js","statementMap":{"0":{"start":{"line":3,"column":16},"end":{"line":12,"column":1}},"1":{"start":{"line":4,"column":2},"end":{"line":11,"column":4}}},"fnMap":{"0":{"name":"(anonymous_0)","decl":{"start":{"line":3,"column":16},"end":{"line":3,"column":17}},"loc":{"start":{"line":3,"column":22},"end":{"line":12,"column":1}},"line":3}},"branchMap":{},"s":{"0":1,"1":0},"f":{"0":0},"b":{},"_coverageSchema":"1a1c01bbd47fc00a2c39e90264f33305004495a9","hash":"75555b144b2d36b3ae15ec535cddcde52ddb48af"}
,"/Users/iragenaeric/Documents/free-mentors-frontend/src/components/Signup.js": {"path":"/Users/iragenaeric/Documents/free-mentors-frontend/src/components/Signup.js","statementMap":{"0":{"start":{"line":21,"column":15},"end":{"line":307,"column":1}},"1":{"start":{"line":22,"column":18},"end":{"line":22,"column":29}},"2":{"start":{"line":23,"column":19},"end":{"line":23,"column":32}},"3":{"start":{"line":25,"column":24},"end":{"line":25,"column":60}},"4":{"start":{"line":25,"column":47},"end":{"line":25,"column":59}},"5":{"start":{"line":27,"column":24},"end":{"line":43,"column":3}},"6":{"start":{"line":28,"column":4},"end":{"line":42,"column":5}},"7":{"start":{"line":39,"column":6},"end":{"line":39,"column":18}},"8":{"start":{"line":41,"column":6},"end":{"line":41,"column":19}},"9":{"start":{"line":45,"column":23},"end":{"line":47,"column":3}},"10":{"start":{"line":46,"column":4},"end":{"line":46,"column":35}},"11":{"start":{"line":49,"column":2},"end":{"line":51,"column":3}},"12":{"start":{"line":50,"column":4},"end":{"line":50,"column":36}},"13":{"start":{"line":53,"column":2},"end":{"line":306,"column":4}},"14":{"start":{"line":88,"column":18},"end":{"line":88,"column":39}},"15":{"start":{"line":92,"column":18},"end":{"line":298,"column":25}}},"fnMap":{"0":{"name":"(anonymous_0)","decl":{"start":{"line":21,"column":15},"end":{"line":21,"column":16}},"loc":{"start":{"line":21,"column":21},"end":{"line":307,"column":1}},"line":21},"1":{"name":"(anonymous_1)","decl":{"start":{"line":25,"column":36},"end":{"line":25,"column":37}},"loc":{"start":{"line":25,"column":47},"end":{"line":25,"column":59}},"line":25},"2":{"name":"(anonymous_2)","decl":{"start":{"line":27,"column":24},"end":{"line":27,"column":25}},"loc":{"start":{"line":27,"column":50},"end":{"line":43,"column":3}},"line":27},"3":{"name":"(anonymous_3)","decl":{"start":{"line":45,"column":23},"end":{"line":45,"column":24}},"loc":{"start":{"line":45,"column":35},"end":{"line":47,"column":3}},"line":45},"4":{"name":"(anonymous_4)","decl":{"start":{"line":87,"column":26},"end":{"line":87,"column":27}},"loc":{"start":{"line":87,"column":38},"end":{"line":89,"column":17}},"line":87},"5":{"name":"(anonymous_5)","decl":{"start":{"line":91,"column":17},"end":{"line":91,"column":18}},"loc":{"start":{"line":92,"column":18},"end":{"line":298,"column":25}},"line":92}},"branchMap":{"0":{"loc":{"start":{"line":28,"column":4},"end":{"line":42,"column":5}},"type":"if","locations":[{"start":{"line":28,"column":4},"end":{"line":42,"column":5}},{"start":{"line":28,"column":4},"end":{"line":42,"column":5}}],"line":28},"1":{"loc":{"start":{"line":29,"column":6},"end":{"line":37,"column":27}},"type":"binary-expr","locations":[{"start":{"line":29,"column":6},"end":{"line":29,"column":30}},{"start":{"line":30,"column":6},"end":{"line":30,"column":29}},{"start":{"line":31,"column":6},"end":{"line":31,"column":25}},{"start":{"line":32,"column":6},"end":{"line":32,"column":28}},{"start":{"line":33,"column":6},"end":{"line":33,"column":27}},{"start":{"line":34,"column":6},"end":{"line":34,"column":23}},{"start":{"line":35,"column":6},"end":{"line":35,"column":30}},{"start":{"line":36,"column":6},"end":{"line":36,"column":29}},{"start":{"line":37,"column":6},"end":{"line":37,"column":27}}],"line":29},"2":{"loc":{"start":{"line":49,"column":2},"end":{"line":51,"column":3}},"type":"if","locations":[{"start":{"line":49,"column":2},"end":{"line":51,"column":3}},{"start":{"line":49,"column":2},"end":{"line":51,"column":3}}],"line":49},"3":{"loc":{"start":{"line":111,"column":24},"end":{"line":115,"column":25}},"type":"binary-expr","locations":[{"start":{"line":111,"column":24},"end":{"line":111,"column":54}},{"start":{"line":112,"column":24},"end":{"line":115,"column":25}}],"line":111},"4":{"loc":{"start":{"line":118,"column":24},"end":{"line":119,"column":47}},"type":"binary-expr","locations":[{"start":{"line":118,"column":24},"end":{"line":118,"column":54}},{"start":{"line":119,"column":24},"end":{"line":119,"column":47}}],"line":118},"5":{"loc":{"start":{"line":134,"column":24},"end":{"line":138,"column":25}},"type":"binary-expr","locations":[{"start":{"line":134,"column":24},"end":{"line":134,"column":53}},{"start":{"line":135,"column":24},"end":{"line":138,"column":25}}],"line":134},"6":{"loc":{"start":{"line":141,"column":24},"end":{"line":141,"column":79}},"type":"binary-expr","locations":[{"start":{"line":141,"column":24},"end":{"line":141,"column":53}},{"start":{"line":141,"column":57},"end":{"line":141,"column":79}}],"line":141},"7":{"loc":{"start":{"line":157,"column":24},"end":{"line":161,"column":25}},"type":"binary-expr","locations":[{"start":{"line":157,"column":24},"end":{"line":157,"column":49}},{"start":{"line":158,"column":24},"end":{"line":161,"column":25}}],"line":157},"8":{"loc":{"start":{"line":164,"column":24},"end":{"line":164,"column":71}},"type":"binary-expr","locations":[{"start":{"line":164,"column":24},"end":{"line":164,"column":49}},{"start":{"line":164,"column":53},"end":{"line":164,"column":71}}],"line":164},"9":{"loc":{"start":{"line":181,"column":24},"end":{"line":185,"column":25}},"type":"binary-expr","locations":[{"start":{"line":181,"column":24},"end":{"line":181,"column":52}},{"start":{"line":182,"column":24},"end":{"line":185,"column":25}}],"line":181},"10":{"loc":{"start":{"line":188,"column":24},"end":{"line":188,"column":77}},"type":"binary-expr","locations":[{"start":{"line":188,"column":24},"end":{"line":188,"column":52}},{"start":{"line":188,"column":56},"end":{"line":188,"column":77}}],"line":188},"11":{"loc":{"start":{"line":203,"column":24},"end":{"line":207,"column":25}},"type":"binary-expr","locations":[{"start":{"line":203,"column":24},"end":{"line":203,"column":51}},{"start":{"line":204,"column":24},"end":{"line":207,"column":25}}],"line":203},"12":{"loc":{"start":{"line":210,"column":24},"end":{"line":210,"column":75}},"type":"binary-expr","locations":[{"start":{"line":210,"column":24},"end":{"line":210,"column":51}},{"start":{"line":210,"column":55},"end":{"line":210,"column":75}}],"line":210},"13":{"loc":{"start":{"line":225,"column":24},"end":{"line":229,"column":25}},"type":"binary-expr","locations":[{"start":{"line":225,"column":24},"end":{"line":225,"column":47}},{"start":{"line":226,"column":24},"end":{"line":229,"column":25}}],"line":225},"14":{"loc":{"start":{"line":231,"column":34},"end":{"line":231,"column":77}},"type":"binary-expr","locations":[{"start":{"line":231,"column":34},"end":{"line":231,"column":57}},{"start":{"line":231,"column":61},"end":{"line":231,"column":77}}],"line":231},"15":{"loc":{"start":{"line":245,"column":24},"end":{"line":249,"column":25}},"type":"binary-expr","locations":[{"start":{"line":245,"column":24},"end":{"line":245,"column":54}},{"start":{"line":246,"column":24},"end":{"line":249,"column":25}}],"line":245},"16":{"loc":{"start":{"line":252,"column":24},"end":{"line":253,"column":47}},"type":"binary-expr","locations":[{"start":{"line":252,"column":24},"end":{"line":252,"column":54}},{"start":{"line":253,"column":24},"end":{"line":253,"column":47}}],"line":252},"17":{"loc":{"start":{"line":268,"column":24},"end":{"line":272,"column":25}},"type":"binary-expr","locations":[{"start":{"line":268,"column":24},"end":{"line":268,"column":53}},{"start":{"line":269,"column":24},"end":{"line":272,"column":25}}],"line":268},"18":{"loc":{"start":{"line":275,"column":24},"end":{"line":275,"column":79}},"type":"binary-expr","locations":[{"start":{"line":275,"column":24},"end":{"line":275,"column":53}},{"start":{"line":275,"column":57},"end":{"line":275,"column":79}}],"line":275},"19":{"loc":{"start":{"line":286,"column":23},"end":{"line":286,"column":84}},"type":"cond-expr","locations":[{"start":{"line":286,"column":48},"end":{"line":286,"column":72}},{"start":{"line":286,"column":76},"end":{"line":286,"column":84}}],"line":286}},"s":{"0":1,"1":1,"2":1,"3":1,"4":2,"5":1,"6":1,"7":1,"8":0,"9":1,"10":0,"11":1,"12":0,"13":1,"14":0,"15":1},"f":{"0":1,"1":2,"2":1,"3":0,"4":0,"5":1},"b":{"0":[1,0],"1":[1,0,0,0,0,0,0,0,0],"2":[0,1],"3":[1,0],"4":[1,0],"5":[1,0],"6":[1,0],"7":[1,0],"8":[1,0],"9":[1,0],"10":[1,0],"11":[1,0],"12":[1,0],"13":[1,0],"14":[1,0],"15":[1,0],"16":[1,0],"17":[1,0],"18":[1,0],"19":[0,1]},"_coverageSchema":"1a1c01bbd47fc00a2c39e90264f33305004495a9","hash":"cee3a0ce44083ec4d5f4b022d6ada4b684fbbe95"}
,"/Users/iragenaeric/Documents/free-mentors-frontend/src/helpers/utils.js": {"path":"/Users/iragenaeric/Documents/free-mentors-frontend/src/helpers/utils.js","statementMap":{"0":{"start":{"line":1,"column":23},"end":{"line":1,"column":48}},"1":{"start":{"line":1,"column":31},"end":{"line":1,"column":48}},"2":{"start":{"line":2,"column":25},"end":{"line":2,"column":52}},"3":{"start":{"line":2,"column":33},"end":{"line":2,"column":52}},"4":{"start":{"line":3,"column":24},"end":{"line":3,"column":50}},"5":{"start":{"line":3,"column":32},"end":{"line":3,"column":50}}},"fnMap":{"0":{"name":"(anonymous_0)","decl":{"start":{"line":1,"column":23},"end":{"line":1,"column":24}},"loc":{"start":{"line":1,"column":31},"end":{"line":1,"column":48}},"line":1},"1":{"name":"(anonymous_1)","decl":{"start":{"line":2,"column":25},"end":{"line":2,"column":26}},"loc":{"start":{"line":2,"column":33},"end":{"line":2,"column":52}},"line":2},"2":{"name":"(anonymous_2)","decl":{"start":{"line":3,"column":24},"end":{"line":3,"column":25}},"loc":{"start":{"line":3,"column":32},"end":{"line":3,"column":50}},"line":3}},"branchMap":{},"s":{"0":1,"1":3,"2":1,"3":3,"4":1,"5":3},"f":{"0":3,"1":3,"2":3},"b":{},"_coverageSchema":"1a1c01bbd47fc00a2c39e90264f33305004495a9","hash":"cadffe4d423715bbb15a004da75d56ce2bd19ab3"}
,"/Users/iragenaeric/Documents/free-mentors-frontend/src/redux/actionType.js": {"path":"/Users/iragenaeric/Documents/free-mentors-frontend/src/redux/actionType.js","statementMap":{"0":{"start":{"line":1,"column":22},"end":{"line":1,"column":30}},"1":{"start":{"line":2,"column":22},"end":{"line":2,"column":30}}},"fnMap":{},"branchMap":{},"s":{"0":1,"1":1},"f":{},"b":{},"_coverageSchema":"1a1c01bbd47fc00a2c39e90264f33305004495a9","hash":"7753a27816b2f2d346bf322c24cfd6cb9873e290"}
,"/Users/iragenaeric/Documents/free-mentors-frontend/src/redux/index.js": {"path":"/Users/iragenaeric/Documents/free-mentors-frontend/src/redux/index.js","statementMap":{"0":{"start":{"line":5,"column":20},"end":{"line":8,"column":2}}},"fnMap":{},"branchMap":{},"s":{"0":1},"f":{},"b":{},"_coverageSchema":"1a1c01bbd47fc00a2c39e90264f33305004495a9","hash":"7876e0a90fb164c4a79d4f2aa8ff70f456e3b3fb"}
,"/Users/iragenaeric/Documents/free-mentors-frontend/src/redux/store.js": {"path":"/Users/iragenaeric/Documents/free-mentors-frontend/src/redux/store.js","statementMap":{"0":{"start":{"line":6,"column":14},"end":{"line":6,"column":75}}},"fnMap":{},"branchMap":{},"s":{"0":1},"f":{},"b":{},"_coverageSchema":"1a1c01bbd47fc00a2c39e90264f33305004495a9","hash":"c69e6e6b0676aa58075d3680f0b311089624b14c"}
,"/Users/iragenaeric/Documents/free-mentors-frontend/src/redux/actions/auth/authAction.js": {"path":"/Users/iragenaeric/Documents/free-mentors-frontend/src/redux/actions/auth/authAction.js","statementMap":{"0":{"start":{"line":4,"column":28},"end":{"line":27,"column":1}},"1":{"start":{"line":14,"column":2},"end":{"line":26,"column":4}},"2":{"start":{"line":29,"column":28},"end":{"line":34,"column":1}},"3":{"start":{"line":30,"column":2},"end":{"line":33,"column":4}}},"fnMap":{"0":{"name":"(anonymous_0)","decl":{"start":{"line":4,"column":28},"end":{"line":4,"column":29}},"loc":{"start":{"line":13,"column":6},"end":{"line":27,"column":1}},"line":13},"1":{"name":"(anonymous_1)","decl":{"start":{"line":29,"column":28},"end":{"line":29,"column":29}},"loc":{"start":{"line":29,"column":53},"end":{"line":34,"column":1}},"line":29}},"branchMap":{},"s":{"0":1,"1":0,"2":1,"3":0},"f":{"0":0,"1":0},"b":{},"_coverageSchema":"1a1c01bbd47fc00a2c39e90264f33305004495a9","hash":"8815fbab0d001d874319fdcf4755816d0e69e18f"}
,"/Users/iragenaeric/Documents/free-mentors-frontend/src/redux/reducers/auth/signinReducer.js": {"path":"/Users/iragenaeric/Documents/free-mentors-frontend/src/redux/reducers/auth/signinReducer.js","statementMap":{"0":{"start":{"line":4,"column":21},"end":{"line":9,"column":1}},"1":{"start":{"line":11,"column":22},"end":{"line":34,"column":1}},"2":{"start":{"line":12,"column":2},"end":{"line":33,"column":3}},"3":{"start":{"line":14,"column":6},"end":{"line":17,"column":8}},"4":{"start":{"line":19,"column":6},"end":{"line":24,"column":8}},"5":{"start":{"line":26,"column":6},"end":{"line":30,"column":8}},"6":{"start":{"line":32,"column":6},"end":{"line":32,"column":19}}},"fnMap":{"0":{"name":"(anonymous_0)","decl":{"start":{"line":11,"column":22},"end":{"line":11,"column":23}},"loc":{"start":{"line":11,"column":56},"end":{"line":34,"column":1}},"line":11}},"branchMap":{"0":{"loc":{"start":{"line":11,"column":23},"end":{"line":11,"column":43}},"type":"default-arg","locations":[{"start":{"line":11,"column":31},"end":{"line":11,"column":43}}],"line":11},"1":{"loc":{"start":{"line":12,"column":2},"end":{"line":33,"column":3}},"type":"switch","locations":[{"start":{"line":13,"column":4},"end":{"line":17,"column":8}},{"start":{"line":18,"column":4},"end":{"line":24,"column":8}},{"start":{"line":25,"column":6},"end":{"line":30,"column":8}},{"start":{"line":31,"column":4},"end":{"line":32,"column":19}}],"line":12}},"s":{"0":1,"1":1,"2":3,"3":0,"4":0,"5":0,"6":3},"f":{"0":3},"b":{"0":[3],"1":[0,0,0,3]},"_coverageSchema":"1a1c01bbd47fc00a2c39e90264f33305004495a9","hash":"aee26ca6d4baadec5074eebe2fbdcac3557d12da"}
,"/Users/iragenaeric/Documents/free-mentors-frontend/src/redux/reducers/auth/signupReducer.js": {"path":"/Users/iragenaeric/Documents/free-mentors-frontend/src/redux/reducers/auth/signupReducer.js","statementMap":{"0":{"start":{"line":3,"column":21},"end":{"line":8,"column":1}},"1":{"start":{"line":10,"column":22},"end":{"line":33,"column":1}},"2":{"start":{"line":11,"column":2},"end":{"line":32,"column":3}},"3":{"start":{"line":13,"column":6},"end":{"line":16,"column":8}},"4":{"start":{"line":18,"column":6},"end":{"line":23,"column":8}},"5":{"start":{"line":25,"column":6},"end":{"line":29,"column":8}},"6":{"start":{"line":31,"column":6},"end":{"line":31,"column":19}}},"fnMap":{"0":{"name":"(anonymous_0)","decl":{"start":{"line":10,"column":22},"end":{"line":10,"column":23}},"loc":{"start":{"line":10,"column":56},"end":{"line":33,"column":1}},"line":10}},"branchMap":{"0":{"loc":{"start":{"line":10,"column":23},"end":{"line":10,"column":43}},"type":"default-arg","locations":[{"start":{"line":10,"column":31},"end":{"line":10,"column":43}}],"line":10},"1":{"loc":{"start":{"line":11,"column":2},"end":{"line":32,"column":3}},"type":"switch","locations":[{"start":{"line":12,"column":4},"end":{"line":16,"column":8}},{"start":{"line":17,"column":4},"end":{"line":23,"column":8}},{"start":{"line":24,"column":4},"end":{"line":29,"column":8}},{"start":{"line":30,"column":4},"end":{"line":31,"column":19}}],"line":11}},"s":{"0":1,"1":1,"2":3,"3":0,"4":0,"5":0,"6":3},"f":{"0":3},"b":{"0":[3],"1":[0,0,0,3]},"_coverageSchema":"1a1c01bbd47fc00a2c39e90264f33305004495a9","hash":"eb08a95a8bf98aeb3248663bc746843a2546f644"}
,"/Users/iragenaeric/Documents/free-mentors-frontend/src/services/authService.js": {"path":"/Users/iragenaeric/Documents/free-mentors-frontend/src/services/authService.js","statementMap":{"0":{"start":{"line":3,"column":29},"end":{"line":6,"column":1}},"1":{"start":{"line":4,"column":17},"end":{"line":4,"column":63}},"2":{"start":{"line":5,"column":2},"end":{"line":5,"column":16}},"3":{"start":{"line":8,"column":28},"end":{"line":11,"column":1}},"4":{"start":{"line":9,"column":17},"end":{"line":9,"column":63}},"5":{"start":{"line":10,"column":2},"end":{"line":10,"column":16}},"6":{"start":{"line":13,"column":28},"end":{"line":16,"column":1}},"7":{"start":{"line":14,"column":17},"end":{"line":14,"column":50}},"8":{"start":{"line":15,"column":2},"end":{"line":15,"column":16}}},"fnMap":{"0":{"name":"(anonymous_0)","decl":{"start":{"line":3,"column":29},"end":{"line":3,"column":30}},"loc":{"start":{"line":3,"column":39},"end":{"line":6,"column":1}},"line":3},"1":{"name":"(anonymous_1)","decl":{"start":{"line":8,"column":28},"end":{"line":8,"column":29}},"loc":{"start":{"line":8,"column":38},"end":{"line":11,"column":1}},"line":8},"2":{"name":"(anonymous_2)","decl":{"start":{"line":13,"column":28},"end":{"line":13,"column":29}},"loc":{"start":{"line":13,"column":34},"end":{"line":16,"column":1}},"line":13}},"branchMap":{},"s":{"0":1,"1":0,"2":0,"3":1,"4":0,"5":0,"6":1,"7":0,"8":0},"f":{"0":0,"1":0,"2":0},"b":{},"_coverageSchema":"1a1c01bbd47fc00a2c39e90264f33305004495a9","hash":"a5110f8bf858d47c23ea6a6a6eac7f5eba8d0de0"}
,"/Users/iragenaeric/Documents/free-mentors-frontend/src/services/fetchService.js": {"path":"/Users/iragenaeric/Documents/free-mentors-frontend/src/services/fetchService.js","statementMap":{"0":{"start":{"line":4,"column":14},"end":{"line":4,"column":45}}},"fnMap":{},"branchMap":{},"s":{"0":1},"f":{},"b":{},"_coverageSchema":"1a1c01bbd47fc00a2c39e90264f33305004495a9","hash":"a249ee4d1f43d64030e0be930cae56b52739e696"}
,"/Users/iragenaeric/Documents/free-mentors-frontend/src/styles/signupStyle.js": {"path":"/Users/iragenaeric/Documents/free-mentors-frontend/src/styles/signupStyle.js","statementMap":{"0":{"start":{"line":3,"column":18},"end":{"line":40,"column":3}},"1":{"start":{"line":3,"column":41},"end":{"line":40,"column":1}}},"fnMap":{"0":{"name":"(anonymous_0)","decl":{"start":{"line":3,"column":29},"end":{"line":3,"column":30}},"loc":{"start":{"line":3,"column":41},"end":{"line":40,"column":1}},"line":3}},"branchMap":{"0":{"loc":{"start":{"line":12,"column":6},"end":{"line":12,"column":87}},"type":"cond-expr","locations":[{"start":{"line":12,"column":39},"end":{"line":12,"column":61}},{"start":{"line":12,"column":64},"end":{"line":12,"column":87}}],"line":12}},"s":{"0":1,"1":1},"f":{"0":1},"b":{"0":[1,0]},"_coverageSchema":"1a1c01bbd47fc00a2c39e90264f33305004495a9","hash":"55f23eb998ac13bd8a930bdf9317639e9167e3aa"}
,"/Users/iragenaeric/Documents/free-mentors-frontend/src/validation/validationSchema.js": {"path":"/Users/iragenaeric/Documents/free-mentors-frontend/src/validation/validationSchema.js","statementMap":{"0":{"start":{"line":3,"column":28},"end":{"line":32,"column":2}},"1":{"start":{"line":34,"column":28},"end":{"line":36,"column":2}}},"fnMap":{},"branchMap":{},"s":{"0":1,"1":1},"f":{},"b":{},"_coverageSchema":"1a1c01bbd47fc00a2c39e90264f33305004495a9","hash":"ede57111260ff7959bc595cf5a523b6b91ca4d37"}
}
