TN:
SF:src/components/Loading.js
FN:3,(anonymous_0)
FNF:1
FNH:0
FNDA:0,(anonymous_0)
DA:3,1
DA:4,0
LF:2
LH:1
BRF:0
BRH:0
end_of_record
TN:
SF:src/components/Signup.js
FN:21,(anonymous_0)
FN:25,(anonymous_1)
FN:27,(anonymous_2)
FN:45,(anonymous_3)
FN:87,(anonymous_4)
FN:91,(anonymous_5)
FNF:6
FNH:4
FNDA:1,(anonymous_0)
FNDA:2,(anonymous_1)
FNDA:1,(anonymous_2)
FNDA:0,(anonymous_3)
FNDA:0,(anonymous_4)
FNDA:1,(anonymous_5)
DA:21,1
DA:22,1
DA:23,1
DA:25,2
DA:27,1
DA:28,1
DA:39,1
DA:41,0
DA:45,1
DA:46,0
DA:49,1
DA:50,0
DA:53,1
DA:88,0
DA:92,1
LF:15
LH:11
BRDA:28,0,0,1
BRDA:28,0,1,0
BRDA:29,1,0,1
BRDA:29,1,1,0
BRDA:29,1,2,0
BRDA:29,1,3,0
BRDA:29,1,4,0
BRDA:29,1,5,0
BRDA:29,1,6,0
BRDA:29,1,7,0
BRDA:29,1,8,0
BRDA:49,2,0,0
BRDA:49,2,1,1
BRDA:111,3,0,1
BRDA:111,3,1,0
BRDA:118,4,0,1
BRDA:118,4,1,0
BRDA:134,5,0,1
BRDA:134,5,1,0
BRDA:141,6,0,1
BRDA:141,6,1,0
BRDA:157,7,0,1
BRDA:157,7,1,0
BRDA:164,8,0,1
BRDA:164,8,1,0
BRDA:181,9,0,1
BRDA:181,9,1,0
BRDA:188,10,0,1
BRDA:188,10,1,0
BRDA:203,11,0,1
BRDA:203,11,1,0
BRDA:210,12,0,1
BRDA:210,12,1,0
BRDA:225,13,0,1
BRDA:225,13,1,0
BRDA:231,14,0,1
BRDA:231,14,1,0
BRDA:245,15,0,1
BRDA:245,15,1,0
BRDA:252,16,0,1
BRDA:252,16,1,0
BRDA:268,17,0,1
BRDA:268,17,1,0
BRDA:275,18,0,1
BRDA:275,18,1,0
BRDA:286,19,0,0
BRDA:286,19,1,1
BRF:47
BRH:20
end_of_record
TN:
SF:src/helpers/utils.js
FN:1,(anonymous_0)
FN:2,(anonymous_1)
FN:3,(anonymous_2)
FNF:3
FNH:3
FNDA:3,(anonymous_0)
FNDA:3,(anonymous_1)
FNDA:3,(anonymous_2)
DA:1,3
DA:2,3
DA:3,3
LF:3
LH:3
BRF:0
BRH:0
end_of_record
TN:
SF:src/redux/actionType.js
FNF:0
FNH:0
DA:1,1
DA:2,1
LF:2
LH:2
BRF:0
BRH:0
end_of_record
TN:
SF:src/redux/index.js
FNF:0
FNH:0
DA:5,1
LF:1
LH:1
BRF:0
BRH:0
end_of_record
TN:
SF:src/redux/store.js
FNF:0
FNH:0
DA:6,1
LF:1
LH:1
BRF:0
BRH:0
end_of_record
TN:
SF:src/redux/actions/auth/authAction.js
FN:4,(anonymous_0)
FN:29,(anonymous_1)
FNF:2
FNH:0
FNDA:0,(anonymous_0)
FNDA:0,(anonymous_1)
DA:4,1
DA:14,0
DA:29,1
DA:30,0
LF:4
LH:2
BRF:0
BRH:0
end_of_record
TN:
SF:src/redux/reducers/auth/signinReducer.js
FN:11,(anonymous_0)
FNF:1
FNH:1
FNDA:3,(anonymous_0)
DA:4,1
DA:11,1
DA:12,3
DA:14,0
DA:19,0
DA:26,0
DA:32,3
LF:7
LH:4
BRDA:11,0,0,3
BRDA:12,1,0,0
BRDA:12,1,1,0
BRDA:12,1,2,0
BRDA:12,1,3,3
BRF:5
BRH:2
end_of_record
TN:
SF:src/redux/reducers/auth/signupReducer.js
FN:10,(anonymous_0)
FNF:1
FNH:1
FNDA:3,(anonymous_0)
DA:3,1
DA:10,1
DA:11,3
DA:13,0
DA:18,0
DA:25,0
DA:31,3
LF:7
LH:4
BRDA:10,0,0,3
BRDA:11,1,0,0
BRDA:11,1,1,0
BRDA:11,1,2,0
BRDA:11,1,3,3
BRF:5
BRH:2
end_of_record
TN:
SF:src/services/authService.js
FN:3,(anonymous_0)
FN:8,(anonymous_1)
FN:13,(anonymous_2)
FNF:3
FNH:0
FNDA:0,(anonymous_0)
FNDA:0,(anonymous_1)
FNDA:0,(anonymous_2)
DA:3,1
DA:4,0
DA:5,0
DA:8,1
DA:9,0
DA:10,0
DA:13,1
DA:14,0
DA:15,0
LF:9
LH:3
BRF:0
BRH:0
end_of_record
TN:
SF:src/services/fetchService.js
FNF:0
FNH:0
DA:4,1
LF:1
LH:1
BRF:0
BRH:0
end_of_record
TN:
SF:src/styles/signupStyle.js
FN:3,(anonymous_0)
FNF:1
FNH:1
FNDA:1,(anonymous_0)
DA:3,1
LF:1
LH:1
BRDA:12,0,0,1
BRDA:12,0,1,0
BRF:2
BRH:1
end_of_record
TN:
SF:src/validation/validationSchema.js
FNF:0
FNH:0
DA:3,1
DA:34,1
LF:2
LH:2
BRF:0
BRH:0
end_of_record
